     1                                  ;常量声明
     2                                  HDDPORT equ 0x1f0
     3                                  NULL equ 0x00
     4                                  SETCHAR equ 0x07
     5                                  VIDEOMEM equ 0xb800
     6                                  STRINGLEN equ 0xffff
     7                                  
     8                                  section code align=16 vstart=0x7c00
     9                                  
    10                                  ;扇区号28位,需要用两个16位寄存器来保存
    11 00000000 8B36[8D00]              mov si,[READSTART]
    12 00000004 8B0E[8F00]              mov cx,[READSTART+0x02]
    13                                  
    14                                  ;读取的扇区数,我们用一个八位寄存器保存
    15 00000008 A0[9100]                mov al,[SECTORNUM]
    16                                  ;后面还会用到ax,所以先入栈保存
    17 0000000B 50                      push ax
    18                                  
    19                                  ;转为逻辑地址
    20                                  ;高位放在ax,低位放在dx
    21 0000000C A1[9500]                mov ax,[DESTMEN]
    22 0000000F 8B16[9700]              mov dx,[DESTMEN+0x02]
    23                                  ;16字节对齐,所以除16
    24 00000013 BB1000                  mov bx,16
    25 00000016 F7F3                    div bx
    26                                  
    27                                  ;商存入ds,作为目标内存区域的段地址
    28 00000018 8ED8                    mov ds,ax
    29 0000001A 31FF                    xor di,di
    30 0000001C 58                      pop ax
    31                                  
    32 0000001D E80700                  call readHdd
    33 00000020 31F6                    xor si,si
    34 00000022 E84A00                  call printstring
    35 00000025 EB72                    jmp end
    36                                  
    37                                  ;读取硬盘函数
    38                                  readHdd:
    39 00000027 50                          push ax
    40 00000028 53                          push bx
    41 00000029 51                          push cx
    42 0000002A 52                          push dx
    43                                  
    44                                      ;写入读取的扇区数
    45 0000002B BAF201                      mov dx,HDDPORT+2
    46 0000002E EE                          out dx,al
    47                                  
    48                                      ;写入7~0位
    49 0000002F BAF301                      mov dx,HDDPORT+3
    50 00000032 89F0                        mov ax,si
    51 00000034 EE                          out dx,al
    52                                  
    53                                      ;写入15~8位
    54 00000035 BAF401                      mov dx,HDDPORT+4
    55 00000038 88E0                        mov al,ah
    56 0000003A EE                          out dx,al
    57                                      
    58                                      ;写入23~16
    59 0000003B BAF501                      mov dx,HDDPORT+5
    60 0000003E 89C8                        mov ax,cx
    61 00000040 EE                          out dx,al
    62                                  
    63                                      ;写入27~24位以及硬盘参数
    64 00000041 BAF601                      mov dx,HDDPORT+6
    65 00000044 88E0                        mov al,ah
    66                                      ;LBA模式,读取主硬盘,因此是0xe0
    67 00000046 B4E0                        mov ah,0xe0
    68 00000048 08E0                        or al,ah
    69 0000004A EE                          out dx,al
    70                                  
    71                                      ;写入0x20到0x1f7端口,表示我们要读取硬盘
    72 0000004B BAF701                      mov dx,HDDPORT+7
    73 0000004E B020                        mov al,0x20
    74 00000050 EE                          out dx,al
    75                                  
    76                                      .waits:
    77                                      ;读取0x1f7端口,得到一个八位状态字节
    78 00000051 EC                          in al,dx
    79                                      ;除3,7位全部置为0
    80 00000052 2488                        and al,0x88
    81                                      ;判断第7位是否为0(硬盘不忙)
    82                                      ;第3位位1(硬盘已准备好)
    83 00000054 3C08                        cmp al,0x08
    84 00000056 75F9                        jnz .waits
    85                                  
    86                                      ;开始读取,端口号为0x1f0,一次读取2字节
    87 00000058 BAF001                      mov dx,HDDPORT
    88                                      ;一个扇区512字节,因此cx存入次数256
    89 0000005B B90001                      mov cx,256
    90                                  
    91                                      .readWord:
    92 0000005E ED                          in ax,dx
    93 0000005F 3E8905                      mov [ds:di],ax
    94 00000062 83C702                      add di,0x02
    95 00000065 80CC00                      or ah,0x00
    96 00000068 75F4                        jnz .readWord
    97                                  
    98                                      .return:
    99 0000006A 58                          pop ax
   100 0000006B 5B                          pop bx
   101 0000006C 59                          pop cx
   102 0000006D 5A                          pop dx
   103                                  
   104 0000006E C3                          ret
   105                                  
   106                                  ;打印字符串函数
   107                                  printstring:
   108                                      .setup:
   109                                      ;初始化字符写入的目的地址
   110 0000006F B800B8                      mov ax,VIDEOMEM
   111 00000072 8EC0                        mov es,ax
   112                                  
   113                                      ;设置字符属性->0x07为黑底白字
   114 00000074 B707                        mov bh,SETCHAR
   115                                      ;设置循环次数(字符串长度)cx
   116 00000076 B9FFFF                      mov cx,STRINGLEN
   117                                  
   118                                      .ptintchar:
   119                                      ;取字符地址存入bl, 基址+段内偏移
   120 00000079 3E8A1C                      mov bl,[ds:si]
   121                                      ;si+1,指向下个字符
   122 0000007C 46                          inc si
   123                                  
   124                                      ;把取到的字符写入显存
   125 0000007D 26881D                      mov [es:di],bl
   126                                      ;di+1,指向下一个待写入的位置
   127 00000080 47                          inc di
   128                                  
   129                                      ;写入字符属性
   130 00000081 26883D                      mov [es:di],bh
   131                                      ;di+1,指向下一个待写入的位置
   132 00000084 47                          inc di
   133                                  
   134                                      ;判断bl是否为0x00,即字符串结束位置
   135 00000085 80CB00                      or bl,NULL
   136                                      ;结果为0,字符串读取完毕,跳出循环
   137 00000088 7402                        jz .return
   138                                      ;否,继续循环
   139 0000008A E2ED                        loop .ptintchar
   140                                  
   141                                      ;返回指令的标号
   142                                      .return:
   143 0000008C C3                          ret
   144                                  
   145                                  
   146                                  ;硬盘读取起始扇区号:我们读取第十个扇区
   147                                  ;读一个扇区
   148 0000008D 0A000000                READSTART dd 10
   149 00000091 01000000                SECTORNUM dd 1 
   150                                  ;保存到内存的位置,起始位置设定为0x10000
   151 00000095 00000100                DESTMEN dd 0x10000
   152                                  
   153 00000099 EBFE                    end:jmp end
   154 0000009B 00<rep 163h>            times 510-($-$$) db 0
   155 000001FE 55AA                        db 0x55,0xaa
